<?xml version="1.0" encoding="UTF-8"?>
<!-- Generated by org.testng.reporters.JUnitXMLReporter -->
<testsuite hostname="DESKTOP-0M1MH5T" ignored="0" name="Default test" tests="3" failures="0" timestamp="2020-08-18T06:51:25 IST" time="55.719" errors="0">
  <testcase name="searchPeopleTest" time="7.706" classname="com.qa.linkedin.testcases.SearchDDTest"/>
  <testcase name="searchPeopleTest" time="8.384" classname="com.qa.linkedin.testcases.SearchDDTest"/>
  <testcase name="searchPeopleTest" time="6.463" classname="com.qa.linkedin.testcases.SearchDDTest"/>
</testsuite> <!-- Default test -->
