<?xml version="1.0" encoding="UTF-8"?>
<!-- Generated by org.testng.reporters.JUnitXMLReporter -->
<testsuite hostname="DESKTOP-0M1MH5T" ignored="0" name="HybridTest" tests="3" failures="0" timestamp="2020-08-20T07:27:14 IST" time="78.168" errors="0">
  <testcase name="searchPeopleTest" time="13.956" classname="com.qa.linkedin.testcases.SearchDDTest"/>
  <testcase name="searchPeopleTest" time="9.521" classname="com.qa.linkedin.testcases.SearchDDTest"/>
  <testcase name="searchPeopleTest" time="8.589" classname="com.qa.linkedin.testcases.SearchDDTest"/>
</testsuite> <!-- HybridTest -->
