<?xml version="1.0" encoding="UTF-8"?>
<testng-results skipped="0" failed="0" ignored="0" total="3" passed="3">
  <reporter-output>
    <line>
      <![CDATA[set CHROME_DRIVER_SILENT_OUTPUT_PROPERTY to avoid TImeOut log in console]]>
    </line>
    <line>
      <![CDATA[launching ChromeBrowser]]>
    </line>
  </reporter-output>
  <suite name="hybridSuite" duration-ms="78168" started-at="2020-08-20T07:25:56 IST" finished-at="2020-08-20T07:27:14 IST">
    <groups>
    </groups>
    <test name="HybridTest" duration-ms="78168" started-at="2020-08-20T07:25:56 IST" finished-at="2020-08-20T07:27:14 IST">
      <class name="com.qa.linkedin.testcases.SearchDDTest">
        <test-method status="PASS" signature="setup()[pri:0, instance:com.qa.linkedin.testcases.SearchDDTest@10d59286]" name="setup" is-config="true" duration-ms="13710" started-at="2020-08-20T07:25:42 IST" finished-at="2020-08-20T07:25:56 IST">
          <reporter-output>
            <line>
              <![CDATA[set CHROME_DRIVER_SILENT_OUTPUT_PROPERTY to avoid TImeOut log in console]]>
            </line>
            <line>
              <![CDATA[launching ChromeBrowser]]>
            </line>
          </reporter-output>
        </test-method> <!-- setup -->
        <test-method status="PASS" signature="beforeClass()[pri:0, instance:com.qa.linkedin.testcases.SearchDDTest@10d59286]" name="beforeClass" is-config="true" duration-ms="39476" started-at="2020-08-20T07:25:56 IST" finished-at="2020-08-20T07:26:36 IST">
          <reporter-output>
          </reporter-output>
        </test-method> <!-- beforeClass -->
        <test-method status="PASS" signature="searchPeopleTest(java.lang.String)[pri:0, instance:com.qa.linkedin.testcases.SearchDDTest@10d59286]" name="searchPeopleTest" duration-ms="13956" started-at="2020-08-20T07:26:38 IST" data-provider="dp" finished-at="2020-08-20T07:26:52 IST">
          <params>
            <param index="0">
              <value>
                <![CDATA[shilpa]]>
              </value>
            </param>
          </params>
          <reporter-output>
          </reporter-output>
        </test-method> <!-- searchPeopleTest -->
        <test-method status="PASS" signature="searchPeopleTest(java.lang.String)[pri:0, instance:com.qa.linkedin.testcases.SearchDDTest@10d59286]" name="searchPeopleTest" duration-ms="9521" started-at="2020-08-20T07:26:52 IST" data-provider="dp" finished-at="2020-08-20T07:27:02 IST">
          <params>
            <param index="0">
              <value>
                <![CDATA[swathi]]>
              </value>
            </param>
          </params>
          <reporter-output>
          </reporter-output>
        </test-method> <!-- searchPeopleTest -->
        <test-method status="PASS" signature="searchPeopleTest(java.lang.String)[pri:0, instance:com.qa.linkedin.testcases.SearchDDTest@10d59286]" name="searchPeopleTest" duration-ms="8589" started-at="2020-08-20T07:27:02 IST" data-provider="dp" finished-at="2020-08-20T07:27:10 IST">
          <params>
            <param index="0">
              <value>
                <![CDATA[ramesh]]>
              </value>
            </param>
          </params>
          <reporter-output>
          </reporter-output>
        </test-method> <!-- searchPeopleTest -->
        <test-method status="PASS" signature="afterClass()[pri:0, instance:com.qa.linkedin.testcases.SearchDDTest@10d59286]" name="afterClass" is-config="true" duration-ms="4065" started-at="2020-08-20T07:27:10 IST" finished-at="2020-08-20T07:27:14 IST">
          <reporter-output>
          </reporter-output>
        </test-method> <!-- afterClass -->
        <test-method status="PASS" signature="tearDown()[pri:0, instance:com.qa.linkedin.testcases.SearchDDTest@10d59286]" name="tearDown" is-config="true" duration-ms="4983" started-at="2020-08-20T07:27:16 IST" finished-at="2020-08-20T07:27:21 IST">
          <reporter-output>
          </reporter-output>
        </test-method> <!-- tearDown -->
      </class> <!-- com.qa.linkedin.testcases.SearchDDTest -->
    </test> <!-- HybridTest -->
  </suite> <!-- hybridSuite -->
</testng-results>
