<?xml version="1.0" encoding="UTF-8"?>
<!-- Generated by org.testng.reporters.JUnitXMLReporter -->
<testsuite hostname="DESKTOP-0M1MH5T" ignored="0" name="HybridTest" tests="3" failures="0" timestamp="2020-08-18T07:11:12 IST" time="52.699" errors="0">
  <testcase name="searchPeopleTest" time="7.772" classname="com.qa.linkedin.testcases.SearchDDTest"/>
  <testcase name="searchPeopleTest" time="7.322" classname="com.qa.linkedin.testcases.SearchDDTest"/>
  <testcase name="searchPeopleTest" time="6.429" classname="com.qa.linkedin.testcases.SearchDDTest"/>
</testsuite> <!-- HybridTest -->
